2022.04.10 22:03:46 INFO  tracing is disabled for protocol LSP, to enable tracing of incoming and outgoing JSON messages create an empty file at /home/adam/Projects/POCs/scala_learning/.metals/lsp.trace.json or /home/adam/.cache/metals/lsp.trace.json
2022.04.10 22:03:47 INFO  logging to file /home/adam/Projects/POCs/scala_learning/.metals/metals.log
2022.04.10 22:03:47 INFO  Started: Metals version 0.11.2 in workspace '/home/adam/Projects/POCs/scala_learning' for client Visual Studio Code 1.66.1.
2022.04.10 22:03:47 INFO  Parse release: 11.0.14.1
2022.04.10 22:03:49 INFO  time: initialize in 2.65s
2022.04.10 22:03:50 WARN  Build server is not auto-connectable.
2022.04.10 22:03:50 WARN  no build tool detected in workspace '/home/adam/Projects/POCs/scala_learning'. The most common cause for this problem is that the editor was opened in the wrong working directory, for example if you use sbt then the workspace directory should contain build.sbt. 
2022.04.10 22:03:51 WARN  no build target for: /home/adam/Projects/POCs/scala_learning/hello-world/src/main/scala/Main.scala
2022.04.10 22:03:58 INFO  no build target found for /home/adam/Projects/POCs/scala_learning/hello-world/src/main/scala/Main.scala. Using presentation compiler with project's scala-library version: 3.1.1
2022.04.10 22:03:59 INFO  time: code lens generation in 7.73s
2022.04.10 22:04:06 WARN  no build target for: /home/adam/Projects/POCs/scala_learning/hello-world/build.sbt
2022.04.10 22:06:34 WARN  no build target for: /home/adam/Projects/POCs/scala_learning/task1/src/main/scala/Main.scala
2022.04.10 22:06:40 WARN  no build target for: /home/adam/Projects/POCs/scala_learning/task1/build.sbt
2022.04.10 22:11:11 WARN  no build target for: /home/adam/Projects/POCs/scala_learning/task1/src/main/scala/Main.scala
2022.04.10 22:11:31 INFO  shutting down Metals
2022.04.12 11:51:18 INFO  tracing is disabled for protocol LSP, to enable tracing of incoming and outgoing JSON messages create an empty file at /home/adam/Projects/POCs/scala_learning/.metals/lsp.trace.json or /home/adam/.cache/metals/lsp.trace.json
2022.04.12 11:51:18 INFO  logging to file /home/adam/Projects/POCs/scala_learning/.metals/metals.log
2022.04.12 11:51:18 INFO  Started: Metals version 0.11.2 in workspace '/home/adam/Projects/POCs/scala_learning' for client Visual Studio Code 1.66.1.
2022.04.12 11:51:18 INFO  Parse release: 11.0.14.1
2022.04.12 11:51:20 INFO  time: initialize in 1.63s
2022.04.12 11:51:20 WARN  Build server is not auto-connectable.
2022.04.12 11:51:20 WARN  no build tool detected in workspace '/home/adam/Projects/POCs/scala_learning'. The most common cause for this problem is that the editor was opened in the wrong working directory, for example if you use sbt then the workspace directory should contain build.sbt. 
2022.04.12 11:51:21 WARN  no build target for: /home/adam/Projects/POCs/scala_learning/task1/src/main/scala/Main.scala
2022.04.12 11:51:21 WARN  no build target for: /home/adam/Projects/POCs/scala_learning/hello-world/src/main/scala/Main.scala
2022.04.12 11:51:24 INFO  no build target found for /home/adam/Projects/POCs/scala_learning/hello-world/src/main/scala/Main.scala. Using presentation compiler with project's scala-library version: 3.1.1
2022.04.12 11:51:25 INFO  time: code lens generation in 3.32s
2022.04.12 11:51:25 INFO  time: code lens generation in 3.32s
2022.04.12 11:52:08 WARN  no build target for: /home/adam/Projects/POCs/scala_learning/task1/src/main/scala/Main.scala
2022.04.12 11:54:15 WARN  no build target for: /home/adam/Projects/POCs/scala_learning/task1/src/main/scala/Main.scala
2022.04.12 11:54:54 INFO  shutting down Metals
2022.04.13 22:58:21 INFO  tracing is disabled for protocol LSP, to enable tracing of incoming and outgoing JSON messages create an empty file at /home/adam/Projects/POCs/scala_learning/.metals/lsp.trace.json or /home/adam/.cache/metals/lsp.trace.json
2022.04.13 22:58:21 INFO  logging to file /home/adam/Projects/POCs/scala_learning/.metals/metals.log
2022.04.13 22:58:21 INFO  Started: Metals version 0.11.2 in workspace '/home/adam/Projects/POCs/scala_learning' for client Visual Studio Code 1.66.2.
2022.04.13 22:58:21 INFO  Parse release: 11.0.14.1
2022.04.13 22:58:23 INFO  time: initialize in 1.61s
2022.04.13 22:58:23 WARN  Build server is not auto-connectable.
2022.04.13 22:58:23 WARN  no build tool detected in workspace '/home/adam/Projects/POCs/scala_learning'. The most common cause for this problem is that the editor was opened in the wrong working directory, for example if you use sbt then the workspace directory should contain build.sbt. 
2022.04.13 22:58:24 WARN  no build target for: /home/adam/Projects/POCs/scala_learning/task1/src/main/scala/Main.scala
2022.04.13 22:58:27 INFO  no build target found for /home/adam/Projects/POCs/scala_learning/task1/src/main/scala/Main.scala. Using presentation compiler with project's scala-library version: 3.1.1
2022.04.13 22:58:28 INFO  time: code lens generation in 3.56s
2022.04.13 22:58:35 INFO  shutting down Metals
2022.04.14 12:09:11 INFO  tracing is disabled for protocol LSP, to enable tracing of incoming and outgoing JSON messages create an empty file at /home/adam/Projects/POCs/scala_learning/.metals/lsp.trace.json or /home/adam/.cache/metals/lsp.trace.json
2022.04.14 12:09:11 INFO  logging to file /home/adam/Projects/POCs/scala_learning/.metals/metals.log
2022.04.14 12:09:11 INFO  Started: Metals version 0.11.2 in workspace '/home/adam/Projects/POCs/scala_learning' for client Visual Studio Code 1.66.2.
2022.04.14 12:09:11 INFO  Parse release: 11.0.14.1
2022.04.14 12:09:13 INFO  time: initialize in 1.59s
2022.04.14 12:09:13 WARN  Build server is not auto-connectable.
2022.04.14 12:09:13 WARN  no build tool detected in workspace '/home/adam/Projects/POCs/scala_learning'. The most common cause for this problem is that the editor was opened in the wrong working directory, for example if you use sbt then the workspace directory should contain build.sbt. 
2022.04.14 12:09:14 WARN  no build target for: /home/adam/Projects/POCs/scala_learning/task1/src/main/scala/Main.scala
2022.04.14 12:09:16 INFO  no build target found for /home/adam/Projects/POCs/scala_learning/task1/src/main/scala/Main.scala. Using presentation compiler with project's scala-library version: 3.1.1
2022.04.14 12:09:17 INFO  time: code lens generation in 2.89s
2022.04.14 12:12:13 WARN  no build target for: /home/adam/Projects/POCs/scala_learning/task1/src/main/scala/Main.scala
Apr 14, 2022 12:12:45 PM org.eclipse.lsp4j.jsonrpc.RemoteEndpoint fallbackResponseError
SEVERE: Internal error: java.lang.reflect.InvocationTargetException
java.lang.RuntimeException: java.lang.reflect.InvocationTargetException
	at org.eclipse.lsp4j.jsonrpc.services.GenericEndpoint.lambda$null$0(GenericEndpoint.java:67)
	at org.eclipse.lsp4j.jsonrpc.services.GenericEndpoint.request(GenericEndpoint.java:120)
	at org.eclipse.lsp4j.jsonrpc.RemoteEndpoint.handleRequest(RemoteEndpoint.java:261)
	at org.eclipse.lsp4j.jsonrpc.RemoteEndpoint.consume(RemoteEndpoint.java:190)
	at org.eclipse.lsp4j.jsonrpc.json.StreamMessageProducer.handleMessage(StreamMessageProducer.java:194)
	at org.eclipse.lsp4j.jsonrpc.json.StreamMessageProducer.listen(StreamMessageProducer.java:94)
	at org.eclipse.lsp4j.jsonrpc.json.ConcurrentMessageProcessor.run(ConcurrentMessageProcessor.java:113)
	at java.base/java.util.concurrent.Executors$RunnableAdapter.call(Executors.java:515)
	at java.base/java.util.concurrent.FutureTask.run(FutureTask.java:264)
	at java.base/java.util.concurrent.ThreadPoolExecutor.runWorker(ThreadPoolExecutor.java:1128)
	at java.base/java.util.concurrent.ThreadPoolExecutor$Worker.run(ThreadPoolExecutor.java:628)
	at java.base/java.lang.Thread.run(Thread.java:829)
Caused by: java.lang.reflect.InvocationTargetException
	at jdk.internal.reflect.GeneratedMethodAccessor7.invoke(Unknown Source)
	at java.base/jdk.internal.reflect.DelegatingMethodAccessorImpl.invoke(DelegatingMethodAccessorImpl.java:43)
	at java.base/java.lang.reflect.Method.invoke(Method.java:566)
	at org.eclipse.lsp4j.jsonrpc.services.GenericEndpoint.lambda$null$0(GenericEndpoint.java:65)
	... 11 more
Caused by: java.lang.IllegalArgumentException: 7 is not a valid line number, allowed [0..6]
	at scala.meta.internal.inputs.InternalInput.lineToOffset(InternalInput.scala:37)
	at scala.meta.internal.inputs.InternalInput.lineToOffset$(InternalInput.scala:32)
	at scala.meta.inputs.Input$VirtualFile.lineToOffset(Input.scala:80)
	at scala.meta.inputs.Position$Range$.apply(Position.scala:59)
	at scala.meta.internal.mtags.MtagsEnrichments$XtensionPositionLspInverse.toMeta(MtagsEnrichments.scala:143)
	at scala.meta.internal.parsing.Trees.$anonfun$findLastEnclosingAt$4(Trees.scala:78)
	at scala.Option.flatMap(Option.scala:271)
	at scala.meta.internal.parsing.Trees.findLastEnclosingAt(Trees.scala:77)
	at scala.meta.internal.metals.codeactions.PatternMatchRefactor.contribute(PatternMatchRefactor.scala:96)
	at scala.meta.internal.metals.CodeActionProvider$$anonfun$1.applyOrElse(CodeActionProvider.scala:64)
	at scala.meta.internal.metals.CodeActionProvider$$anonfun$1.applyOrElse(CodeActionProvider.scala:63)
	at scala.collection.immutable.List.collect(List.scala:323)
	at scala.meta.internal.metals.CodeActionProvider.codeActions(CodeActionProvider.scala:63)
	at scala.meta.internal.metals.MetalsLanguageServer.$anonfun$codeAction$1(MetalsLanguageServer.scala:1615)
	at scala.meta.internal.metals.CancelTokens$.future(CancelTokens.scala:38)
	at scala.meta.internal.metals.MetalsLanguageServer.codeAction(MetalsLanguageServer.scala:1614)
	... 15 more

2022.04.14 12:13:17 WARN  no build target for: /home/adam/Projects/POCs/scala_learning/task1/src/main/scala/Main.scala
2022.04.14 13:33:00 WARN  no build target for: /home/adam/Projects/POCs/scala_learning/task1/src/main/scala/Main.scala
2022.04.14 13:33:48 WARN  no build target for: /home/adam/Projects/POCs/scala_learning/task1/src/main/scala/Main.scala
2022.04.14 13:36:23 WARN  no build target for: /home/adam/Projects/POCs/scala_learning/task1/build.sbt
2022.04.14 13:36:55 WARN  no build target for: /home/adam/Projects/POCs/scala_learning/task1/src/main/scala/Main.scala
2022.04.14 13:37:27 WARN  no build target for: /home/adam/Projects/POCs/scala_learning/task1/src/main/scala/Main.scala
2022.04.14 13:37:40 WARN  no build target for: /home/adam/Projects/POCs/scala_learning/task1/build.sbt
2022.04.14 13:40:01 WARN  no build target for: /home/adam/Projects/POCs/scala_learning/task1/src/main/scala/Main.scala
2022.04.14 15:46:18 WARN  no build target for: /home/adam/Projects/POCs/scala_learning/task1/src/main/scala/Main.scala
2022.04.14 15:46:37 WARN  no build target for: /home/adam/Projects/POCs/scala_learning/task1/src/main/scala/Main.scala
2022.04.14 15:48:28 WARN  no build target for: /home/adam/Projects/POCs/scala_learning/task1/src/main/scala/Adder.scala
2022.04.14 15:49:38 WARN  no build target for: /home/adam/Projects/POCs/scala_learning/task1/src/main/scala/Adder.scala
2022.04.14 15:50:13 WARN  no build target for: /home/adam/Projects/POCs/scala_learning/task1/src/main/scala/Adder.scala
2022.04.14 15:50:26 WARN  no build target for: /home/adam/Projects/POCs/scala_learning/task1/src/main/scala/Adder.scala
2022.04.14 15:50:51 WARN  no build target for: /home/adam/Projects/POCs/scala_learning/task1/src/main/scala/Main.scala
2022.04.14 15:51:44 WARN  no build target for: /home/adam/Projects/POCs/scala_learning/task1/src/main/scala/Main.scala
2022.04.14 15:52:27 WARN  no build target for: /home/adam/Projects/POCs/scala_learning/task1/src/main/scala/Main.scala
2022.04.14 15:56:21 WARN  no build target for: /home/adam/Projects/POCs/scala_learning/task1/src/main/scala/Main.scala
2022.04.14 15:56:45 WARN  no build target for: /home/adam/Projects/POCs/scala_learning/task1/src/main/scala/Adder.scala
2022.04.14 15:57:07 WARN  no build target for: /home/adam/Projects/POCs/scala_learning/task1/src/main/scala/Adder.scala
2022.04.14 15:57:32 WARN  no build target for: /home/adam/Projects/POCs/scala_learning/task1/src/main/scala/Adder.scala
2022.04.14 15:57:53 WARN  no build target for: /home/adam/Projects/POCs/scala_learning/task1/src/main/scala/Main.scala
2022.04.14 16:00:19 WARN  no build target for: /home/adam/Projects/POCs/scala_learning/task1/build.sbt
2022.04.14 16:18:59 INFO  shutting down Metals
2022.04.14 22:00:19 INFO  tracing is disabled for protocol LSP, to enable tracing of incoming and outgoing JSON messages create an empty file at /home/adam/Projects/POCs/scala_learning/.metals/lsp.trace.json or /home/adam/.cache/metals/lsp.trace.json
2022.04.14 22:00:19 INFO  logging to file /home/adam/Projects/POCs/scala_learning/.metals/metals.log
2022.04.14 22:00:19 INFO  Started: Metals version 0.11.2 in workspace '/home/adam/Projects/POCs/scala_learning' for client Visual Studio Code 1.66.2.
2022.04.14 22:00:19 INFO  Parse release: 11.0.14.1
2022.04.14 22:00:20 INFO  time: initialize in 1.52s
2022.04.14 22:00:21 WARN  Build server is not auto-connectable.
2022.04.14 22:00:21 WARN  no build tool detected in workspace '/home/adam/Projects/POCs/scala_learning'. The most common cause for this problem is that the editor was opened in the wrong working directory, for example if you use sbt then the workspace directory should contain build.sbt. 
2022.04.14 22:00:22 WARN  no build target for: /home/adam/Projects/POCs/scala_learning/task1/build.sbt
2022.04.14 22:00:22 WARN  no build target for: /home/adam/Projects/POCs/scala_learning/task1/src/main/scala/Adder.scala
2022.04.14 22:00:23 INFO  no build target found for /home/adam/Projects/POCs/scala_learning/task1/build.sbt. Using presentation compiler with project's scala-library version: 3.1.1
2022.04.14 22:00:25 INFO  time: code lens generation in 3.15s
2022.04.14 22:03:18 WARN  no build target for: /home/adam/Projects/POCs/scala_learning/task1/src/main/scala/Main.scala
Apr 14, 2022 10:08:28 PM org.eclipse.lsp4j.jsonrpc.RemoteEndpoint handleCancellation
WARNING: Unmatched cancel notification for request id 40
2022.04.14 22:08:53 WARN  no build target for: /home/adam/Projects/POCs/scala_learning/task1/src/main/scala/Adder.scala
2022.04.14 22:09:31 WARN  no build target for: /home/adam/Projects/POCs/scala_learning/task1/src/main/scala/Adder.scala
